{
  "RSpec": {
    "coverage": {
      "C:/Users/AnetaS/Documents/GitHub/Ruby/lib/bubleSort.rb": [
        null,
        1,
        0,
        null,
        0,
        0,
        0,
        0,
        0,
        0,
        null,
        null,
        null,
        null,
        0,
        null,
        null,
        null,
        1,
        9,
        9,
        null,
        9,
        43,
        43,
        341,
        122,
        122,
        null,
        null,
        null,
        null,
        9,
        null
      ]
    },
    "timestamp": 1448125686
  }
}
